Build started 2018\5\20 星期日 17:40:34.
     1>Project "F:\my_source\capi-0.2\capi-0.20\Src\capi\CapiMalloc\CapiMalloc.vcxproj" on node 3 (Build target(s)).
     1>ClCompile:
         C:\Program Files (x86)\Microsoft Visual Studio 12.0\VC\bin\CL.exe /c /I..\include /Zi /nologo /W3 /WX- /O2 /Oy- /GL /D WIN32 /D NDEBUG /D _WINDOWS /D _USRDLL /D CAPIMALLOC_EXPORTS /Gm- /EHsc /MD /GS /fp:precise /Zc:wchar_t /Zc:forScope /openmp /Fo"Release\\" /Fd"Release\vc120.pdb" /Gd /TP /analyze- /errorReport:prompt BigMemory.cpp CapiMalloc.cpp dmalloc.cpp MemoryPool.cpp
         BigMemory.cpp
         CapiMalloc.cpp
         dmalloc.cpp
         MemoryPool.cpp
         C:\Program Files (x86)\Microsoft Visual Studio 12.0\VC\bin\CL.exe /c /I..\include /Zi /nologo /W3 /WX- /O2 /Oy- /GL /D WIN32 /D NDEBUG /D _WINDOWS /D _USRDLL /D CAPIMALLOC_EXPORTS /Gm- /EHsc /MD /GS /fp:precise /Zc:wchar_t /Zc:forScope /openmp /Fo"Release\\" /Fd"Release\vc120.pdb" /Gd /TC /analyze- /errorReport:prompt FreeList.c
         FreeList.c
     1>C:\Program Files (x86)\MSBuild\Microsoft.Cpp\v4.0\V120\Microsoft.CppBuild.targets(1186,5): warning MSB8012: TargetPath(F:\my_source\capi-0.2\capi-0.20\Src\capi\Release\CapiMalloc.dll) does not match the Linker's OutputFile property value (F:\my_source\capi-0.2\capi-0.20\Src\TestCapi\Release\CapiMalloc.dll). This may cause your project to build incorrectly. To correct this, please make sure that $(OutDir), $(TargetName) and $(TargetExt) property values match the value specified in %(Link.OutputFile).
       Link:
         C:\Program Files (x86)\Microsoft Visual Studio 12.0\VC\bin\link.exe /ERRORREPORT:PROMPT /OUT:"..\..\TestCapi\Release\CapiMalloc.dll" /INCREMENTAL:NO /NOLOGO /LIBPATH:..\Release capi.lib kernel32.lib user32.lib gdi32.lib winspool.lib comdlg32.lib advapi32.lib shell32.lib ole32.lib oleaut32.lib uuid.lib odbc32.lib odbccp32.lib /MANIFEST /MANIFESTUAC:"level='asInvoker' uiAccess='false'" /manifest:embed /DEBUG /PDB:"F:\my_source\capi-0.2\capi-0.20\Src\capi\Release\CapiMalloc.pdb" /SUBSYSTEM:WINDOWS /OPT:REF /OPT:ICF /LTCG /TLBID:1 /DYNAMICBASE /NXCOMPAT /IMPLIB:"F:\my_source\capi-0.2\capi-0.20\Src\capi\Release\CapiMalloc.lib" /MACHINE:X86 /SAFESEH /DLL Release\BigMemory.obj
         Release\CapiMalloc.obj
         Release\dmalloc.obj
         Release\FreeList.obj
         Release\MemoryPool.obj
         "F:\my_source\capi-0.2\capi-0.20\Src\capi\Release\capi.lib"
            Creating library F:\my_source\capi-0.2\capi-0.20\Src\capi\Release\CapiMalloc.lib and object F:\my_source\capi-0.2\capi-0.20\Src\capi\Release\CapiMalloc.exp
     1>LINK : warning LNK4098: defaultlib 'LIBCMT' conflicts with use of other libs; use /NODEFAULTLIB:library
         Generating code
         Finished generating code
         CapiMalloc.vcxproj -> F:\my_source\capi-0.2\capi-0.20\Src\capi\Release\CapiMalloc.dll
     1>Done Building Project "F:\my_source\capi-0.2\capi-0.20\Src\capi\CapiMalloc\CapiMalloc.vcxproj" (Build target(s)).

Build succeeded.

Time Elapsed 00:00:06.57
